<?xml version="1.0" encoding="UTF-8"?>
<!-- Generated by org.testng.reporters.JUnitReportReporter -->
<testsuite skipped="0" hostname="DESKTOP-8SVLVRF" name="com.guru99bank.testCases.TC_LoginTest_001" tests="1" failures="0" timestamp="17 Jun 2020 16:48:28 GMT" time="5.783" errors="0">
  <testcase name="loginTest" time="5.783" classname="com.guru99bank.testCases.TC_LoginTest_001"/>
</testsuite> <!-- com.guru99bank.testCases.TC_LoginTest_001 -->
